#
# There is insufficient memory for the Java Runtime Environment to continue.
# Native memory allocation (mmap) failed to map 246415360 bytes for G1 virtual space
# Possible reasons:
#   The system is out of physical RAM or swap space
#   The process is running with CompressedOops enabled, and the Java Heap may be blocking the growth of the native heap
# Possible solutions:
#   Reduce memory load on the system
#   Increase physical memory or swap space
#   Check if swap backing store is full
#   Decrease Java heap size (-Xmx/-Xms)
#   Decrease number of Java threads
#   Decrease Java thread stack sizes (-Xss)
#   Set larger code cache with -XX:ReservedCodeCacheSize=
#   JVM is running with Unscaled Compressed Oops mode in which the Java heap is
#     placed in the first 4GB address space. The Java Heap base address is the
#     maximum limit for the native heap growth. Please use -XX:HeapBaseMinAddress
#     to set the Java Heap base and to place the Java Heap above 4GB virtual address.
# This output file may be truncated or incomplete.
#
#  Out of Memory Error (os_windows.cpp:3769), pid=11416, tid=12624
#
# JRE version: OpenJDK Runtime Environment (17.0.6) (build 17.0.6+0-b2043.56-9586694)
# Java VM: OpenJDK 64-Bit Server VM (17.0.6+0-b2043.56-9586694, mixed mode, tiered, compressed oops, compressed class ptrs, g1 gc, windows-amd64)
# No core dump will be written. Minidumps are not enabled by default on client versions of Windows
#

---------------  S U M M A R Y ------------

Command Line: org.jetbrains.kotlin.cli.jvm.K2JVMCompiler @C:\Users\Sakib Ali Khan\Downloads\4gLite\app\build\20240116_12863312366583082757.compiler.options

Host: Intel(R) Core(TM) i3-4005U CPU @ 1.70GHz, 4 cores, 7G,  Windows 11 , 64 bit Build 22000 (10.0.22000.2538)
Time: Tue Jan 16 18:36:07 2024 Pakistan Standard Time elapsed time: 70.733455 seconds (0d 0h 1m 10s)

---------------  T H R E A D  ---------------

Current thread (0x000001f4444f7ba0):  VMThread "VM Thread" [stack: 0x0000001e55900000,0x0000001e55a00000] [id=12624]

Stack: [0x0000001e55900000,0x0000001e55a00000]
Native frames: (J=compiled Java code, j=interpreted, Vv=VM code, C=native code)
V  [jvm.dll+0x683b4a]
V  [jvm.dll+0x842654]
V  [jvm.dll+0x843dfe]
V  [jvm.dll+0x844463]
V  [jvm.dll+0x249b75]
V  [jvm.dll+0x680a19]
V  [jvm.dll+0x674f0a]
V  [jvm.dll+0x309acb]
V  [jvm.dll+0x310f86]
V  [jvm.dll+0x3608ee]
V  [jvm.dll+0x360b1f]
V  [jvm.dll+0x2dfbf8]
V  [jvm.dll+0x2ddec4]
V  [jvm.dll+0x2dd4cc]
V  [jvm.dll+0x321f3b]
V  [jvm.dll+0x84893b]
V  [jvm.dll+0x849674]
V  [jvm.dll+0x849b8d]
V  [jvm.dll+0x849f64]
V  [jvm.dll+0x84a030]
V  [jvm.dll+0x7f25fa]
V  [jvm.dll+0x682985]
C  [ucrtbase.dll+0x26c0c]
C  [KERNEL32.DLL+0x153e0]
C  [ntdll.dll+0x485b]

VM_Operation (0x0000001e553fd4a0): G1CollectForAllocation, mode: safepoint, requested by thread 0x000001f42913b470


---------------  P R O C E S S  ---------------

Threads class SMR info:
_java_thread_list=0x000001f44719c970, length=13, elements={
0x000001f42913b470, 0x000001f444536910, 0x000001f444537780, 0x000001f445008480,
0x000001f445008e30, 0x000001f44500a7f0, 0x000001f44500b1a0, 0x000001f44500d900,
0x000001f445029aa0, 0x000001f445035390, 0x000001f44518c470, 0x000001f4451a4440,
0x000001f4485522e0
}

Java Threads: ( => current thread )
  0x000001f42913b470 JavaThread "main" [_thread_blocked, id=14916, stack(0x0000001e55300000,0x0000001e55400000)]
  0x000001f444536910 JavaThread "Reference Handler" daemon [_thread_blocked, id=13120, stack(0x0000001e55a00000,0x0000001e55b00000)]
  0x000001f444537780 JavaThread "Finalizer" daemon [_thread_blocked, id=13836, stack(0x0000001e55b00000,0x0000001e55c00000)]
  0x000001f445008480 JavaThread "Signal Dispatcher" daemon [_thread_blocked, id=6120, stack(0x0000001e55c00000,0x0000001e55d00000)]
  0x000001f445008e30 JavaThread "Attach Listener" daemon [_thread_blocked, id=15060, stack(0x0000001e55d00000,0x0000001e55e00000)]
  0x000001f44500a7f0 JavaThread "Service Thread" daemon [_thread_blocked, id=10928, stack(0x0000001e55e00000,0x0000001e55f00000)]
  0x000001f44500b1a0 JavaThread "Monitor Deflation Thread" daemon [_thread_blocked, id=11708, stack(0x0000001e55f00000,0x0000001e56000000)]
  0x000001f44500d900 JavaThread "C2 CompilerThread0" daemon [_thread_in_native, id=1192, stack(0x0000001e56000000,0x0000001e56100000)]
  0x000001f445029aa0 JavaThread "C1 CompilerThread0" daemon [_thread_blocked, id=10396, stack(0x0000001e56100000,0x0000001e56200000)]
  0x000001f445035390 JavaThread "Sweeper thread" daemon [_thread_blocked, id=11468, stack(0x0000001e56200000,0x0000001e56300000)]
  0x000001f44518c470 JavaThread "Notification Thread" daemon [_thread_blocked, id=9656, stack(0x0000001e56300000,0x0000001e56400000)]
  0x000001f4451a4440 JavaThread "Common-Cleaner" daemon [_thread_blocked, id=9076, stack(0x0000001e56500000,0x0000001e56600000)]
  0x000001f4485522e0 JavaThread "C2 CompilerThread1" daemon [_thread_blocked, id=10288, stack(0x0000001e56600000,0x0000001e56700000)]

Other Threads:
=>0x000001f4444f7ba0 VMThread "VM Thread" [stack: 0x0000001e55900000,0x0000001e55a00000] [id=12624]
  0x000001f445108fe0 WatcherThread [stack: 0x0000001e56400000,0x0000001e56500000] [id=13036]
  0x000001f4291983e0 GCTaskThread "GC Thread#0" [stack: 0x0000001e55400000,0x0000001e55500000] [id=920]
  0x000001f4455cdd10 GCTaskThread "GC Thread#1" [stack: 0x0000001e56700000,0x0000001e56800000] [id=12432]
  0x000001f4455c1450 GCTaskThread "GC Thread#2" [stack: 0x0000001e56800000,0x0000001e56900000] [id=8204]
  0x000001f4455e5c20 GCTaskThread "GC Thread#3" [stack: 0x0000001e56900000,0x0000001e56a00000] [id=10224]
  0x000001f4291a8f60 ConcurrentGCThread "G1 Main Marker" [stack: 0x0000001e55500000,0x0000001e55600000] [id=5764]
  0x000001f4291aa110 ConcurrentGCThread "G1 Conc#0" [stack: 0x0000001e55600000,0x0000001e55700000] [id=9884]
  0x000001f42920d640 ConcurrentGCThread "G1 Refine#0" [stack: 0x0000001e55700000,0x0000001e55800000] [id=7624]
  0x000001f448558610 ConcurrentGCThread "G1 Refine#1" [stack: 0x0000001e56a00000,0x0000001e56b00000] [id=11052]
  0x000001f44c4f5f70 ConcurrentGCThread "G1 Refine#2" [stack: 0x0000001e56b00000,0x0000001e56c00000] [id=12788]
  0x000001f44c4f56d0 ConcurrentGCThread "G1 Refine#3" [stack: 0x0000001e55000000,0x0000001e55100000] [id=10076]
  0x000001f42920e060 ConcurrentGCThread "G1 Service" [stack: 0x0000001e55800000,0x0000001e55900000] [id=6840]

Threads with active compile tasks:
C2 CompilerThread0    70778 21513       4       org.jetbrains.kotlin.types.checker.ClassicTypeSystemContext$DefaultImpls::typeDepth (273 bytes)
C1 CompilerThread0    70778 21752       3       org.jetbrains.kotlin.ir.util.DeepCopyTypeRemapper::remapType (355 bytes)
C2 CompilerThread1    70778 21725       4       org.jetbrains.kotlin.backend.common.BodyLoweringVisitor::visitSimpleFunction (13 bytes)

VM state: at safepoint (normal execution)

VM Mutex/Monitor currently owned by a thread:  ([mutex/lock_event])
[0x000001f4291375d0] Threads_lock - owner thread: 0x000001f4444f7ba0
[0x000001f429136fa0] Heap_lock - owner thread: 0x000001f42913b470

Heap address: 0x0000000081e00000, size: 2018 MB, Compressed Oops mode: 32-bit

CDS archive(s) not mapped
Compressed class space mapped at: 0x0000000100000000-0x0000000140000000, reserved size: 1073741824
Narrow klass base: 0x0000000000000000, Narrow klass shift: 3, Narrow klass range: 0x140000000

GC Precious Log:
 CPUs: 4 total, 4 available
 Memory: 8064M
 Large Page Support: Disabled
 NUMA Support: Disabled
 Compressed Oops: Enabled (32-bit)
 Heap Region Size: 1M
 Heap Min Capacity: 8M
 Heap Initial Capacity: 128M
 Heap Max Capacity: 2018M
 Pre-touch: Disabled
 Parallel Workers: 4
 Concurrent Workers: 1
 Concurrent Refinement Workers: 4
 Periodic GC: Disabled

Heap:
 garbage-first heap   total 286720K, used 188389K [0x0000000081e00000, 0x0000000100000000)
  region size 1024K, 8 young (8192K), 8 survivors (8192K)
 Metaspace       used 93510K, committed 93952K, reserved 1138688K
  class space    used 10223K, committed 10432K, reserved 1048576K

Heap Regions: E=young(eden), S=young(survivor), O=old, HS=humongous(starts), HC=humongous(continues), CS=collection set, F=free, OA=open archive, CA=closed archive, TAMS=top-at-mark-start (previous, next)
|   0|0x0000000081e00000, 0x0000000081f00000, 0x0000000081f00000|100%|HS|  |TAMS 0x0000000081f00000, 0x0000000081e00000| Complete 
|   1|0x0000000081f00000, 0x0000000082000000, 0x0000000082000000|100%|HC|  |TAMS 0x0000000082000000, 0x0000000081f00000| Complete 
|   2|0x0000000082000000, 0x0000000082100000, 0x0000000082100000|100%|HC|  |TAMS 0x0000000082100000, 0x0000000082000000| Complete 
|   3|0x0000000082100000, 0x0000000082200000, 0x0000000082200000|100%|HC|  |TAMS 0x0000000082200000, 0x0000000082100000| Complete 
|   4|0x0000000082200000, 0x0000000082300000, 0x0000000082300000|100%| O|  |TAMS 0x0000000082300000, 0x0000000082200000| Untracked 
|   5|0x0000000082300000, 0x0000000082400000, 0x0000000082400000|100%| O|  |TAMS 0x0000000082400000, 0x0000000082300000| Untracked 
|   6|0x0000000082400000, 0x0000000082500000, 0x0000000082500000|100%| O|  |TAMS 0x0000000082500000, 0x0000000082400000| Untracked 
|   7|0x0000000082500000, 0x0000000082600000, 0x0000000082600000|100%|HS|  |TAMS 0x0000000082600000, 0x0000000082500000| Complete 
|   8|0x0000000082600000, 0x0000000082700000, 0x0000000082700000|100%|HC|  |TAMS 0x0000000082700000, 0x0000000082600000| Complete 
|   9|0x0000000082700000, 0x0000000082800000, 0x0000000082800000|100%|HC|  |TAMS 0x0000000082800000, 0x0000000082700000| Complete 
|  10|0x0000000082800000, 0x0000000082900000, 0x0000000082900000|100%|HC|  |TAMS 0x0000000082900000, 0x0000000082800000| Complete 
|  11|0x0000000082900000, 0x0000000082a00000, 0x0000000082a00000|100%| O|  |TAMS 0x0000000082a00000, 0x0000000082900000| Untracked 
|  12|0x0000000082a00000, 0x0000000082b00000, 0x0000000082b00000|100%| O|  |TAMS 0x0000000082b00000, 0x0000000082a00000| Untracked 
|  13|0x0000000082b00000, 0x0000000082c00000, 0x0000000082c00000|100%| O|  |TAMS 0x0000000082c00000, 0x0000000082b00000| Untracked 
|  14|0x0000000082c00000, 0x0000000082d00000, 0x0000000082d00000|100%| O|  |TAMS 0x0000000082d00000, 0x0000000082c00000| Untracked 
|  15|0x0000000082d00000, 0x0000000082e00000, 0x0000000082e00000|100%| O|  |TAMS 0x0000000082e00000, 0x0000000082d00000| Untracked 
|  16|0x0000000082e00000, 0x0000000082f00000, 0x0000000082f00000|100%| O|  |TAMS 0x0000000082f00000, 0x0000000082e00000| Untracked 
|  17|0x0000000082f00000, 0x0000000083000000, 0x0000000083000000|100%| O|  |TAMS 0x0000000083000000, 0x0000000082f00000| Untracked 
|  18|0x0000000083000000, 0x0000000083100000, 0x0000000083100000|100%| O|  |TAMS 0x0000000083100000, 0x0000000083000000| Untracked 
|  19|0x0000000083100000, 0x0000000083200000, 0x0000000083200000|100%| O|  |TAMS 0x0000000083200000, 0x0000000083100000| Untracked 
|  20|0x0000000083200000, 0x0000000083300000, 0x0000000083300000|100%| O|  |TAMS 0x0000000083300000, 0x0000000083200000| Untracked 
|  21|0x0000000083300000, 0x0000000083400000, 0x0000000083400000|100%| O|  |TAMS 0x0000000083400000, 0x0000000083300000| Untracked 
|  22|0x0000000083400000, 0x0000000083500000, 0x0000000083500000|100%| O|  |TAMS 0x0000000083500000, 0x0000000083400000| Untracked 
|  23|0x0000000083500000, 0x0000000083600000, 0x0000000083600000|100%| O|  |TAMS 0x0000000083600000, 0x0000000083500000| Untracked 
|  24|0x0000000083600000, 0x0000000083700000, 0x0000000083700000|100%| O|  |TAMS 0x0000000083700000, 0x0000000083600000| Untracked 
|  25|0x0000000083700000, 0x0000000083800000, 0x0000000083800000|100%| O|  |TAMS 0x0000000083800000, 0x0000000083700000| Untracked 
|  26|0x0000000083800000, 0x0000000083900000, 0x0000000083900000|100%| O|  |TAMS 0x0000000083900000, 0x0000000083800000| Untracked 
|  27|0x0000000083900000, 0x0000000083a00000, 0x0000000083a00000|100%| O|  |TAMS 0x0000000083a00000, 0x0000000083900000| Untracked 
|  28|0x0000000083a00000, 0x0000000083b00000, 0x0000000083b00000|100%| O|  |TAMS 0x0000000083b00000, 0x0000000083a00000| Untracked 
|  29|0x0000000083b00000, 0x0000000083c00000, 0x0000000083c00000|100%|HS|  |TAMS 0x0000000083c00000, 0x0000000083b00000| Complete 
|  30|0x0000000083c00000, 0x0000000083d00000, 0x0000000083d00000|100%|HC|  |TAMS 0x0000000083d00000, 0x0000000083c00000| Complete 
|  31|0x0000000083d00000, 0x0000000083e00000, 0x0000000083e00000|100%| O|  |TAMS 0x0000000083e00000, 0x0000000083d00000| Untracked 
|  32|0x0000000083e00000, 0x0000000083f00000, 0x0000000083f00000|100%| O|  |TAMS 0x0000000083f00000, 0x0000000083e00000| Untracked 
|  33|0x0000000083f00000, 0x0000000084000000, 0x0000000084000000|100%| O|  |TAMS 0x0000000084000000, 0x0000000083f00000| Untracked 
|  34|0x0000000084000000, 0x0000000084100000, 0x0000000084100000|100%| O|  |TAMS 0x0000000084100000, 0x0000000084000000| Untracked 
|  35|0x0000000084100000, 0x0000000084200000, 0x0000000084200000|100%| O|  |TAMS 0x0000000084200000, 0x0000000084100000| Untracked 
|  36|0x0000000084200000, 0x0000000084300000, 0x0000000084300000|100%| O|  |TAMS 0x0000000084300000, 0x0000000084200000| Untracked 
|  37|0x0000000084300000, 0x0000000084400000, 0x0000000084400000|100%| O|  |TAMS 0x0000000084400000, 0x0000000084300000| Untracked 
|  38|0x0000000084400000, 0x0000000084500000, 0x0000000084500000|100%| O|  |TAMS 0x0000000084500000, 0x0000000084400000| Untracked 
|  39|0x0000000084500000, 0x0000000084600000, 0x0000000084600000|100%| O|  |TAMS 0x0000000084600000, 0x0000000084500000| Untracked 
|  40|0x0000000084600000, 0x0000000084700000, 0x0000000084700000|100%| O|  |TAMS 0x0000000084700000, 0x0000000084600000| Untracked 
|  41|0x0000000084700000, 0x0000000084800000, 0x0000000084800000|100%| O|  |TAMS 0x0000000084800000, 0x0000000084700000| Untracked 
|  42|0x0000000084800000, 0x0000000084900000, 0x0000000084900000|100%| O|  |TAMS 0x0000000084900000, 0x0000000084800000| Untracked 
|  43|0x0000000084900000, 0x0000000084a00000, 0x0000000084a00000|100%| O|  |TAMS 0x0000000084a00000, 0x0000000084900000| Untracked 
|  44|0x0000000084a00000, 0x0000000084b00000, 0x0000000084b00000|100%| O|  |TAMS 0x0000000084b00000, 0x0000000084a00000| Untracked 
|  45|0x0000000084b00000, 0x0000000084c00000, 0x0000000084c00000|100%| O|  |TAMS 0x0000000084c00000, 0x0000000084b00000| Untracked 
|  46|0x0000000084c00000, 0x0000000084d00000, 0x0000000084d00000|100%| O|  |TAMS 0x0000000084d00000, 0x0000000084c00000| Untracked 
|  47|0x0000000084d00000, 0x0000000084e00000, 0x0000000084e00000|100%| O|  |TAMS 0x0000000084e00000, 0x0000000084d00000| Untracked 
|  48|0x0000000084e00000, 0x0000000084f00000, 0x0000000084f00000|100%| O|  |TAMS 0x0000000084f00000, 0x0000000084e00000| Untracked 
|  49|0x0000000084f00000, 0x0000000085000000, 0x0000000085000000|100%| O|  |TAMS 0x0000000085000000, 0x0000000084f00000| Untracked 
|  50|0x0000000085000000, 0x0000000085100000, 0x0000000085100000|100%| O|  |TAMS 0x0000000085100000, 0x0000000085000000| Untracked 
|  51|0x0000000085100000, 0x0000000085200000, 0x0000000085200000|100%| O|  |TAMS 0x0000000085200000, 0x0000000085100000| Untracked 
|  52|0x0000000085200000, 0x0000000085300000, 0x0000000085300000|100%| O|  |TAMS 0x0000000085300000, 0x0000000085200000| Untracked 
|  53|0x0000000085300000, 0x0000000085400000, 0x0000000085400000|100%| O|  |TAMS 0x0000000085400000, 0x0000000085300000| Untracked 
|  54|0x0000000085400000, 0x0000000085500000, 0x0000000085500000|100%| O|  |TAMS 0x0000000085500000, 0x0000000085400000| Untracked 
|  55|0x0000000085500000, 0x0000000085600000, 0x0000000085600000|100%| O|  |TAMS 0x0000000085600000, 0x0000000085500000| Untracked 
|  56|0x0000000085600000, 0x0000000085700000, 0x0000000085700000|100%| O|  |TAMS 0x0000000085700000, 0x0000000085600000| Untracked 
|  57|0x0000000085700000, 0x0000000085800000, 0x0000000085800000|100%| O|  |TAMS 0x0000000085800000, 0x0000000085700000| Untracked 
|  58|0x0000000085800000, 0x0000000085900000, 0x0000000085900000|100%| O|  |TAMS 0x0000000085900000, 0x0000000085800000| Untracked 
|  59|0x0000000085900000, 0x0000000085a00000, 0x0000000085a00000|100%| O|  |TAMS 0x0000000085a00000, 0x0000000085900000| Untracked 
|  60|0x0000000085a00000, 0x0000000085b00000, 0x0000000085b00000|100%| O|  |TAMS 0x0000000085b00000, 0x0000000085a00000| Untracked 
|  61|0x0000000085b00000, 0x0000000085c00000, 0x0000000085c00000|100%| O|  |TAMS 0x0000000085c00000, 0x0000000085b00000| Untracked 
|  62|0x0000000085c00000, 0x0000000085d00000, 0x0000000085d00000|100%| O|  |TAMS 0x0000000085d00000, 0x0000000085c00000| Untracked 
|  63|0x0000000085d00000, 0x0000000085e00000, 0x0000000085e00000|100%| O|  |TAMS 0x0000000085e00000, 0x0000000085d00000| Untracked 
|  64|0x0000000085e00000, 0x0000000085f00000, 0x0000000085f00000|100%| O|  |TAMS 0x0000000085f00000, 0x0000000085e00000| Untracked 
|  65|0x0000000085f00000, 0x0000000086000000, 0x0000000086000000|100%| O|  |TAMS 0x0000000086000000, 0x0000000085f00000| Untracked 
|  66|0x0000000086000000, 0x0000000086100000, 0x0000000086100000|100%| O|  |TAMS 0x0000000086100000, 0x0000000086000000| Untracked 
|  67|0x0000000086100000, 0x0000000086200000, 0x0000000086200000|100%| O|  |TAMS 0x0000000086200000, 0x0000000086100000| Untracked 
|  68|0x0000000086200000, 0x0000000086300000, 0x0000000086300000|100%| O|  |TAMS 0x0000000086300000, 0x0000000086200000| Untracked 
|  69|0x0000000086300000, 0x0000000086400000, 0x0000000086400000|100%| O|  |TAMS 0x0000000086400000, 0x0000000086300000| Untracked 
|  70|0x0000000086400000, 0x0000000086500000, 0x0000000086500000|100%| O|  |TAMS 0x0000000086500000, 0x0000000086400000| Untracked 
|  71|0x0000000086500000, 0x0000000086600000, 0x0000000086600000|100%| O|  |TAMS 0x0000000086600000, 0x0000000086500000| Untracked 
|  72|0x0000000086600000, 0x0000000086700000, 0x0000000086700000|100%| O|  |TAMS 0x0000000086700000, 0x0000000086600000| Untracked 
|  73|0x0000000086700000, 0x0000000086800000, 0x0000000086800000|100%| O|  |TAMS 0x0000000086800000, 0x0000000086700000| Untracked 
|  74|0x0000000086800000, 0x0000000086900000, 0x0000000086900000|100%| O|  |TAMS 0x0000000086900000, 0x0000000086800000| Untracked 
|  75|0x0000000086900000, 0x0000000086a00000, 0x0000000086a00000|100%| O|  |TAMS 0x0000000086900000, 0x0000000086900000| Untracked 
|  76|0x0000000086a00000, 0x0000000086b00000, 0x0000000086b00000|100%| O|  |TAMS 0x0000000086b00000, 0x0000000086a00000| Untracked 
|  77|0x0000000086b00000, 0x0000000086c00000, 0x0000000086c00000|100%| O|  |TAMS 0x0000000086b00000, 0x0000000086b00000| Untracked 
|  78|0x0000000086c00000, 0x0000000086d00000, 0x0000000086d00000|100%| O|  |TAMS 0x0000000086c00000, 0x0000000086c00000| Untracked 
|  79|0x0000000086d00000, 0x0000000086e00000, 0x0000000086e00000|100%| O|  |TAMS 0x0000000086e00000, 0x0000000086d00000| Untracked 
|  80|0x0000000086e00000, 0x0000000086f00000, 0x0000000086f00000|100%| O|  |TAMS 0x0000000086f00000, 0x0000000086e00000| Untracked 
|  81|0x0000000086f00000, 0x0000000087000000, 0x0000000087000000|100%| O|  |TAMS 0x0000000087000000, 0x0000000086f00000| Untracked 
|  82|0x0000000087000000, 0x0000000087100000, 0x0000000087100000|100%| O|  |TAMS 0x0000000087100000, 0x0000000087000000| Untracked 
|  83|0x0000000087100000, 0x0000000087200000, 0x0000000087200000|100%| O|  |TAMS 0x0000000087200000, 0x0000000087100000| Untracked 
|  84|0x0000000087200000, 0x0000000087300000, 0x0000000087300000|100%| O|  |TAMS 0x0000000087300000, 0x0000000087200000| Untracked 
|  85|0x0000000087300000, 0x0000000087400000, 0x0000000087400000|100%| O|  |TAMS 0x0000000087400000, 0x0000000087300000| Untracked 
|  86|0x0000000087400000, 0x0000000087500000, 0x0000000087500000|100%| O|  |TAMS 0x0000000087500000, 0x0000000087400000| Untracked 
|  87|0x0000000087500000, 0x0000000087600000, 0x0000000087600000|100%| O|  |TAMS 0x0000000087600000, 0x0000000087500000| Untracked 
|  88|0x0000000087600000, 0x0000000087700000, 0x0000000087700000|100%| O|  |TAMS 0x0000000087700000, 0x0000000087600000| Untracked 
|  89|0x0000000087700000, 0x0000000087800000, 0x0000000087800000|100%| O|  |TAMS 0x0000000087800000, 0x0000000087700000| Untracked 
|  90|0x0000000087800000, 0x0000000087900000, 0x0000000087900000|100%| O|  |TAMS 0x0000000087900000, 0x0000000087800000| Untracked 
|  91|0x0000000087900000, 0x0000000087a00000, 0x0000000087a00000|100%| O|  |TAMS 0x0000000087a00000, 0x0000000087900000| Untracked 
|  92|0x0000000087a00000, 0x0000000087b00000, 0x0000000087b00000|100%| O|  |TAMS 0x0000000087b00000, 0x0000000087a00000| Untracked 
|  93|0x0000000087b00000, 0x0000000087c00000, 0x0000000087c00000|100%| O|  |TAMS 0x0000000087c00000, 0x0000000087b00000| Untracked 
|  94|0x0000000087c00000, 0x0000000087d00000, 0x0000000087d00000|100%| O|  |TAMS 0x0000000087d00000, 0x0000000087c00000| Untracked 
|  95|0x0000000087d00000, 0x0000000087e00000, 0x0000000087e00000|100%| O|  |TAMS 0x0000000087e00000, 0x0000000087d00000| Untracked 
|  96|0x0000000087e00000, 0x0000000087f00000, 0x0000000087f00000|100%| O|  |TAMS 0x0000000087f00000, 0x0000000087e00000| Untracked 
|  97|0x0000000087f00000, 0x0000000088000000, 0x0000000088000000|100%| O|  |TAMS 0x0000000088000000, 0x0000000087f00000| Untracked 
|  98|0x0000000088000000, 0x0000000088100000, 0x0000000088100000|100%| O|  |TAMS 0x0000000088100000, 0x0000000088000000| Untracked 
|  99|0x0000000088100000, 0x0000000088200000, 0x0000000088200000|100%| O|  |TAMS 0x0000000088200000, 0x0000000088100000| Untracked 
| 100|0x0000000088200000, 0x0000000088300000, 0x0000000088300000|100%| O|  |TAMS 0x0000000088300000, 0x0000000088200000| Untracked 
| 101|0x0000000088300000, 0x0000000088400000, 0x0000000088400000|100%| O|  |TAMS 0x0000000088400000, 0x0000000088300000| Untracked 
| 102|0x0000000088400000, 0x0000000088500000, 0x0000000088500000|100%| O|  |TAMS 0x0000000088500000, 0x0000000088400000| Untracked 
| 103|0x0000000088500000, 0x0000000088600000, 0x0000000088600000|100%| O|  |TAMS 0x0000000088600000, 0x0000000088500000| Untracked 
| 104|0x0000000088600000, 0x0000000088700000, 0x0000000088700000|100%| O|  |TAMS 0x0000000088700000, 0x0000000088600000| Untracked 
| 105|0x0000000088700000, 0x0000000088800000, 0x0000000088800000|100%| O|  |TAMS 0x0000000088800000, 0x0000000088700000| Untracked 
| 106|0x0000000088800000, 0x0000000088900000, 0x0000000088900000|100%| O|  |TAMS 0x0000000088900000, 0x0000000088800000| Untracked 
| 107|0x0000000088900000, 0x0000000088a00000, 0x0000000088a00000|100%| O|  |TAMS 0x0000000088a00000, 0x0000000088900000| Untracked 
| 108|0x0000000088a00000, 0x0000000088b00000, 0x0000000088b00000|100%| O|  |TAMS 0x0000000088b00000, 0x0000000088a00000| Untracked 
| 109|0x0000000088b00000, 0x0000000088c00000, 0x0000000088c00000|100%| O|  |TAMS 0x0000000088c00000, 0x0000000088b00000| Untracked 
| 110|0x0000000088c00000, 0x0000000088d00000, 0x0000000088d00000|100%| O|  |TAMS 0x0000000088d00000, 0x0000000088c00000| Untracked 
| 111|0x0000000088d00000, 0x0000000088e00000, 0x0000000088e00000|100%| O|  |TAMS 0x0000000088e00000, 0x0000000088d00000| Untracked 
| 112|0x0000000088e00000, 0x0000000088f00000, 0x0000000088f00000|100%| O|  |TAMS 0x0000000088f00000, 0x0000000088e00000| Untracked 
| 113|0x0000000088f00000, 0x0000000089000000, 0x0000000089000000|100%| O|  |TAMS 0x0000000089000000, 0x0000000088f00000| Untracked 
| 114|0x0000000089000000, 0x0000000089100000, 0x0000000089100000|100%| O|  |TAMS 0x0000000089100000, 0x0000000089000000| Untracked 
| 115|0x0000000089100000, 0x0000000089200000, 0x0000000089200000|100%| O|  |TAMS 0x0000000089200000, 0x0000000089100000| Untracked 
| 116|0x0000000089200000, 0x0000000089300000, 0x0000000089300000|100%| O|  |TAMS 0x0000000089300000, 0x0000000089200000| Untracked 
| 117|0x0000000089300000, 0x0000000089400000, 0x0000000089400000|100%| O|  |TAMS 0x0000000089300000, 0x0000000089300000| Untracked 
| 118|0x0000000089400000, 0x0000000089500000, 0x0000000089500000|100%| O|  |TAMS 0x0000000089500000, 0x0000000089400000| Untracked 
| 119|0x0000000089500000, 0x0000000089600000, 0x0000000089600000|100%| O|  |TAMS 0x0000000089600000, 0x0000000089500000| Untracked 
| 120|0x0000000089600000, 0x0000000089700000, 0x0000000089700000|100%| O|  |TAMS 0x0000000089700000, 0x0000000089600000| Untracked 
| 121|0x0000000089700000, 0x0000000089800000, 0x0000000089800000|100%| O|  |TAMS 0x0000000089800000, 0x0000000089700000| Untracked 
| 122|0x0000000089800000, 0x0000000089900000, 0x0000000089900000|100%| O|  |TAMS 0x0000000089900000, 0x0000000089800000| Untracked 
| 123|0x0000000089900000, 0x0000000089a00000, 0x0000000089a00000|100%| O|  |TAMS 0x0000000089a00000, 0x0000000089900000| Untracked 
| 124|0x0000000089a00000, 0x0000000089b00000, 0x0000000089b00000|100%| O|  |TAMS 0x0000000089b00000, 0x0000000089a00000| Untracked 
| 125|0x0000000089b00000, 0x0000000089c00000, 0x0000000089c00000|100%| O|  |TAMS 0x0000000089b00000, 0x0000000089b00000| Untracked 
| 126|0x0000000089c00000, 0x0000000089d00000, 0x0000000089d00000|100%| O|  |TAMS 0x0000000089d00000, 0x0000000089c00000| Untracked 
| 127|0x0000000089d00000, 0x0000000089e00000, 0x0000000089e00000|100%| O|  |TAMS 0x0000000089e00000, 0x0000000089d00000| Untracked 
| 128|0x0000000089e00000, 0x0000000089f00000, 0x0000000089f00000|100%| O|  |TAMS 0x0000000089f00000, 0x0000000089e00000| Untracked 
| 129|0x0000000089f00000, 0x000000008a000000, 0x000000008a000000|100%| O|  |TAMS 0x000000008a000000, 0x0000000089f00000| Untracked 
| 130|0x000000008a000000, 0x000000008a100000, 0x000000008a100000|100%| O|  |TAMS 0x000000008a100000, 0x000000008a000000| Untracked 
| 131|0x000000008a100000, 0x000000008a200000, 0x000000008a200000|100%| O|  |TAMS 0x000000008a200000, 0x000000008a100000| Untracked 
| 132|0x000000008a200000, 0x000000008a300000, 0x000000008a300000|100%| O|  |TAMS 0x000000008a300000, 0x000000008a200000| Untracked 
| 133|0x000000008a300000, 0x000000008a400000, 0x000000008a400000|100%| O|  |TAMS 0x000000008a400000, 0x000000008a300000| Untracked 
| 134|0x000000008a400000, 0x000000008a500000, 0x000000008a500000|100%| O|  |TAMS 0x000000008a500000, 0x000000008a400000| Untracked 
| 135|0x000000008a500000, 0x000000008a600000, 0x000000008a600000|100%| O|  |TAMS 0x000000008a562c00, 0x000000008a500000| Untracked 
| 136|0x000000008a600000, 0x000000008a700000, 0x000000008a700000|100%|HS|  |TAMS 0x000000008a700000, 0x000000008a600000| Complete 
| 137|0x000000008a700000, 0x000000008a800000, 0x000000008a800000|100%|HC|  |TAMS 0x000000008a800000, 0x000000008a700000| Complete 
| 138|0x000000008a800000, 0x000000008a900000, 0x000000008a900000|100%|HC|  |TAMS 0x000000008a900000, 0x000000008a800000| Complete 
| 139|0x000000008a900000, 0x000000008aa00000, 0x000000008aa00000|100%|HC|  |TAMS 0x000000008aa00000, 0x000000008a900000| Complete 
| 140|0x000000008aa00000, 0x000000008ab00000, 0x000000008ab00000|100%|HC|  |TAMS 0x000000008ab00000, 0x000000008aa00000| Complete 
| 141|0x000000008ab00000, 0x000000008ac00000, 0x000000008ac00000|100%|HC|  |TAMS 0x000000008ac00000, 0x000000008ab00000| Complete 
| 142|0x000000008ac00000, 0x000000008ad00000, 0x000000008ad00000|100%|HC|  |TAMS 0x000000008ad00000, 0x000000008ac00000| Complete 
| 143|0x000000008ad00000, 0x000000008ae00000, 0x000000008ae00000|100%|HC|  |TAMS 0x000000008ae00000, 0x000000008ad00000| Complete 
| 144|0x000000008ae00000, 0x000000008af00000, 0x000000008af00000|100%|HC|  |TAMS 0x000000008af00000, 0x000000008ae00000| Complete 
| 145|0x000000008af00000, 0x000000008b000000, 0x000000008b000000|100%| O|  |TAMS 0x000000008af00000, 0x000000008af00000| Untracked 
| 146|0x000000008b000000, 0x000000008b100000, 0x000000008b100000|100%| O|  |TAMS 0x000000008b000000, 0x000000008b000000| Untracked 
| 147|0x000000008b100000, 0x000000008b200000, 0x000000008b200000|100%| O|  |TAMS 0x000000008b100000, 0x000000008b100000| Untracked 
| 148|0x000000008b200000, 0x000000008b300000, 0x000000008b300000|100%| O|  |TAMS 0x000000008b200000, 0x000000008b200000| Untracked 
| 149|0x000000008b300000, 0x000000008b400000, 0x000000008b400000|100%| O|  |TAMS 0x000000008b300000, 0x000000008b300000| Untracked 
| 150|0x000000008b400000, 0x000000008b500000, 0x000000008b500000|100%| O|  |TAMS 0x000000008b400000, 0x000000008b400000| Untracked 
| 151|0x000000008b500000, 0x000000008b600000, 0x000000008b600000|100%| O|  |TAMS 0x000000008b500000, 0x000000008b500000| Untracked 
| 152|0x000000008b600000, 0x000000008b700000, 0x000000008b700000|100%| O|  |TAMS 0x000000008b600000, 0x000000008b600000| Untracked 
| 153|0x000000008b700000, 0x000000008b800000, 0x000000008b800000|100%| O|  |TAMS 0x000000008b700000, 0x000000008b700000| Untracked 
| 154|0x000000008b800000, 0x000000008b900000, 0x000000008b900000|100%| O|  |TAMS 0x000000008b800000, 0x000000008b800000| Untracked 
| 155|0x000000008b900000, 0x000000008ba00000, 0x000000008ba00000|100%| O|  |TAMS 0x000000008b900000, 0x000000008b900000| Untracked 
| 156|0x000000008ba00000, 0x000000008bb00000, 0x000000008bb00000|100%| O|  |TAMS 0x000000008ba00000, 0x000000008ba00000| Untracked 
| 157|0x000000008bb00000, 0x000000008bc00000, 0x000000008bc00000|100%| O|  |TAMS 0x000000008bb00000, 0x000000008bb00000| Untracked 
| 158|0x000000008bc00000, 0x000000008bd00000, 0x000000008bd00000|100%| O|  |TAMS 0x000000008bc00000, 0x000000008bc00000| Untracked 
| 159|0x000000008bd00000, 0x000000008be00000, 0x000000008be00000|100%| O|  |TAMS 0x000000008bd00000, 0x000000008bd00000| Untracked 
| 160|0x000000008be00000, 0x000000008bf00000, 0x000000008bf00000|100%| O|  |TAMS 0x000000008be00000, 0x000000008be00000| Untracked 
| 161|0x000000008bf00000, 0x000000008c000000, 0x000000008c000000|100%| O|  |TAMS 0x000000008bf00000, 0x000000008bf00000| Untracked 
| 162|0x000000008c000000, 0x000000008c100000, 0x000000008c100000|100%| O|  |TAMS 0x000000008c000000, 0x000000008c000000| Untracked 
| 163|0x000000008c100000, 0x000000008c200000, 0x000000008c200000|100%| O|  |TAMS 0x000000008c100000, 0x000000008c100000| Untracked 
| 164|0x000000008c200000, 0x000000008c300000, 0x000000008c300000|100%| O|  |TAMS 0x000000008c200000, 0x000000008c200000| Untracked 
| 165|0x000000008c300000, 0x000000008c400000, 0x000000008c400000|100%| O|  |TAMS 0x000000008c300000, 0x000000008c300000| Untracked 
| 166|0x000000008c400000, 0x000000008c500000, 0x000000008c500000|100%| O|  |TAMS 0x000000008c400000, 0x000000008c400000| Untracked 
| 167|0x000000008c500000, 0x000000008c600000, 0x000000008c600000|100%| O|  |TAMS 0x000000008c500000, 0x000000008c500000| Untracked 
| 168|0x000000008c600000, 0x000000008c700000, 0x000000008c700000|100%| O|  |TAMS 0x000000008c600000, 0x000000008c600000| Untracked 
| 169|0x000000008c700000, 0x000000008c800000, 0x000000008c800000|100%| O|  |TAMS 0x000000008c700000, 0x000000008c700000| Untracked 
| 170|0x000000008c800000, 0x000000008c900000, 0x000000008c900000|100%| O|  |TAMS 0x000000008c800000, 0x000000008c800000| Untracked 
| 171|0x000000008c900000, 0x000000008ca00000, 0x000000008ca00000|100%| O|  |TAMS 0x000000008c900000, 0x000000008c900000| Untracked 
| 172|0x000000008ca00000, 0x000000008cb00000, 0x000000008cb00000|100%| O|  |TAMS 0x000000008ca00000, 0x000000008ca00000| Untracked 
| 173|0x000000008cb00000, 0x000000008cc00000, 0x000000008cc00000|100%| O|  |TAMS 0x000000008cb00000, 0x000000008cb00000| Untracked 
| 174|0x000000008cc00000, 0x000000008cd00000, 0x000000008cd00000|100%| O|  |TAMS 0x000000008cc00000, 0x000000008cc00000| Untracked 
| 175|0x000000008cd00000, 0x000000008ce00000, 0x000000008ce00000|100%| O|  |TAMS 0x000000008cd00000, 0x000000008cd00000| Untracked 
| 176|0x000000008ce00000, 0x000000008ce80000, 0x000000008cf00000| 50%| O|  |TAMS 0x000000008ce00000, 0x000000008ce00000| Untracked 
| 177|0x000000008cf00000, 0x000000008cf00000, 0x000000008d000000|  0%| F|  |TAMS 0x000000008cf00000, 0x000000008cf00000| Untracked 
| 178|0x000000008d000000, 0x000000008d000000, 0x000000008d100000|  0%| F|  |TAMS 0x000000008d000000, 0x000000008d000000| Untracked 
| 179|0x000000008d100000, 0x000000008d100000, 0x000000008d200000|  0%| F|  |TAMS 0x000000008d100000, 0x000000008d100000| Untracked 
| 180|0x000000008d200000, 0x000000008d200000, 0x000000008d300000|  0%| F|  |TAMS 0x000000008d200000, 0x000000008d200000| Untracked 
| 181|0x000000008d300000, 0x000000008d300000, 0x000000008d400000|  0%| F|  |TAMS 0x000000008d300000, 0x000000008d300000| Untracked 
| 182|0x000000008d400000, 0x000000008d400000, 0x000000008d500000|  0%| F|  |TAMS 0x000000008d400000, 0x000000008d400000| Untracked 
| 183|0x000000008d500000, 0x000000008d500000, 0x000000008d600000|  0%| F|  |TAMS 0x000000008d500000, 0x000000008d500000| Untracked 
| 184|0x000000008d600000, 0x000000008d600000, 0x000000008d700000|  0%| F|  |TAMS 0x000000008d600000, 0x000000008d600000| Untracked 
| 185|0x000000008d700000, 0x000000008d700000, 0x000000008d800000|  0%| F|  |TAMS 0x000000008d700000, 0x000000008d700000| Untracked 
| 186|0x000000008d800000, 0x000000008d800000, 0x000000008d900000|  0%| F|  |TAMS 0x000000008d800000, 0x000000008d800000| Untracked 
| 187|0x000000008d900000, 0x000000008d900000, 0x000000008da00000|  0%| F|  |TAMS 0x000000008d900000, 0x000000008d900000| Untracked 
| 188|0x000000008da00000, 0x000000008da00000, 0x000000008db00000|  0%| F|  |TAMS 0x000000008da00000, 0x000000008da00000| Untracked 
| 189|0x000000008db00000, 0x000000008db00000, 0x000000008dc00000|  0%| F|  |TAMS 0x000000008db00000, 0x000000008db00000| Untracked 
| 190|0x000000008dc00000, 0x000000008dc00000, 0x000000008dd00000|  0%| F|  |TAMS 0x000000008dc00000, 0x000000008dc00000| Untracked 
| 191|0x000000008dd00000, 0x000000008dd00000, 0x000000008de00000|  0%| F|  |TAMS 0x000000008dd00000, 0x000000008dd00000| Untracked 
| 192|0x000000008de00000, 0x000000008de00000, 0x000000008df00000|  0%| F|  |TAMS 0x000000008de00000, 0x000000008de00000| Untracked 
| 193|0x000000008df00000, 0x000000008df00000, 0x000000008e000000|  0%| F|  |TAMS 0x000000008df00000, 0x000000008df00000| Untracked 
| 194|0x000000008e000000, 0x000000008e000000, 0x000000008e100000|  0%| F|  |TAMS 0x000000008e000000, 0x000000008e000000| Untracked 
| 195|0x000000008e100000, 0x000000008e100000, 0x000000008e200000|  0%| F|  |TAMS 0x000000008e100000, 0x000000008e100000| Untracked 
| 196|0x000000008e200000, 0x000000008e200000, 0x000000008e300000|  0%| F|  |TAMS 0x000000008e200000, 0x000000008e200000| Untracked 
| 197|0x000000008e300000, 0x000000008e300000, 0x000000008e400000|  0%| F|  |TAMS 0x000000008e300000, 0x000000008e300000| Untracked 
| 198|0x000000008e400000, 0x000000008e400000, 0x000000008e500000|  0%| F|  |TAMS 0x000000008e400000, 0x000000008e400000| Untracked 
| 199|0x000000008e500000, 0x000000008e500000, 0x000000008e600000|  0%| F|  |TAMS 0x000000008e500000, 0x000000008e500000| Untracked 
| 200|0x000000008e600000, 0x000000008e600000, 0x000000008e700000|  0%| F|  |TAMS 0x000000008e600000, 0x000000008e600000| Untracked 
| 201|0x000000008e700000, 0x000000008e700000, 0x000000008e800000|  0%| F|  |TAMS 0x000000008e700000, 0x000000008e700000| Untracked 
| 202|0x000000008e800000, 0x000000008e800000, 0x000000008e900000|  0%| F|  |TAMS 0x000000008e800000, 0x000000008e800000| Untracked 
| 203|0x000000008e900000, 0x000000008e900000, 0x000000008ea00000|  0%| F|  |TAMS 0x000000008e900000, 0x000000008e900000| Untracked 
| 204|0x000000008ea00000, 0x000000008ea00000, 0x000000008eb00000|  0%| F|  |TAMS 0x000000008ea00000, 0x000000008ea00000| Untracked 
| 205|0x000000008eb00000, 0x000000008eb00000, 0x000000008ec00000|  0%| F|  |TAMS 0x000000008eb00000, 0x000000008eb00000| Untracked 
| 206|0x000000008ec00000, 0x000000008ec00000, 0x000000008ed00000|  0%| F|  |TAMS 0x000000008ec00000, 0x000000008ec00000| Untracked 
| 207|0x000000008ed00000, 0x000000008ed00000, 0x000000008ee00000|  0%| F|  |TAMS 0x000000008ed00000, 0x000000008ed00000| Untracked 
| 208|0x000000008ee00000, 0x000000008ee00000, 0x000000008ef00000|  0%| F|  |TAMS 0x000000008ee00000, 0x000000008ee00000| Untracked 
| 209|0x000000008ef00000, 0x000000008ef00000, 0x000000008f000000|  0%| F|  |TAMS 0x000000008ef00000, 0x000000008ef00000| Untracked 
| 210|0x000000008f000000, 0x000000008f000000, 0x000000008f100000|  0%| F|  |TAMS 0x000000008f000000, 0x000000008f000000| Untracked 
| 211|0x000000008f100000, 0x000000008f100000, 0x000000008f200000|  0%| F|  |TAMS 0x000000008f100000, 0x000000008f100000| Untracked 
| 212|0x000000008f200000, 0x000000008f200000, 0x000000008f300000|  0%| F|  |TAMS 0x000000008f200000, 0x000000008f200000| Untracked 
| 213|0x000000008f300000, 0x000000008f300000, 0x000000008f400000|  0%| F|  |TAMS 0x000000008f300000, 0x000000008f300000| Untracked 
| 214|0x000000008f400000, 0x000000008f400000, 0x000000008f500000|  0%| F|  |TAMS 0x000000008f400000, 0x000000008f400000| Untracked 
| 215|0x000000008f500000, 0x000000008f500000, 0x000000008f600000|  0%| F|  |TAMS 0x000000008f500000, 0x000000008f500000| Untracked 
| 216|0x000000008f600000, 0x000000008f600000, 0x000000008f700000|  0%| F|  |TAMS 0x000000008f600000, 0x000000008f600000| Untracked 
| 217|0x000000008f700000, 0x000000008f7796b8, 0x000000008f800000| 47%| S|CS|TAMS 0x000000008f700000, 0x000000008f700000| Complete 
| 218|0x000000008f800000, 0x000000008f900000, 0x000000008f900000|100%| S|CS|TAMS 0x000000008f800000, 0x000000008f800000| Complete 
| 219|0x000000008f900000, 0x000000008fa00000, 0x000000008fa00000|100%| S|CS|TAMS 0x000000008f900000, 0x000000008f900000| Complete 
| 220|0x000000008fa00000, 0x000000008fb00000, 0x000000008fb00000|100%| S|CS|TAMS 0x000000008fa00000, 0x000000008fa00000| Complete 
| 221|0x000000008fb00000, 0x000000008fc00000, 0x000000008fc00000|100%| S|CS|TAMS 0x000000008fb00000, 0x000000008fb00000| Complete 
| 222|0x000000008fc00000, 0x000000008fd00000, 0x000000008fd00000|100%| S|CS|TAMS 0x000000008fc00000, 0x000000008fc00000| Complete 
| 223|0x000000008fd00000, 0x000000008fe00000, 0x000000008fe00000|100%| S|CS|TAMS 0x000000008fd00000, 0x000000008fd00000| Complete 
| 224|0x000000008fe00000, 0x000000008ff00000, 0x000000008ff00000|100%| S|CS|TAMS 0x000000008fe00000, 0x000000008fe00000| Complete 
| 225|0x000000008ff00000, 0x000000008ff00000, 0x0000000090000000|  0%| F|  |TAMS 0x000000008ff00000, 0x000000008ff00000| Untracked 
| 226|0x0000000090000000, 0x0000000090000000, 0x0000000090100000|  0%| F|  |TAMS 0x0000000090000000, 0x0000000090000000| Untracked 
| 227|0x0000000090100000, 0x0000000090100000, 0x0000000090200000|  0%| F|  |TAMS 0x0000000090100000, 0x0000000090100000| Untracked 
| 228|0x0000000090200000, 0x0000000090200000, 0x0000000090300000|  0%| F|  |TAMS 0x0000000090200000, 0x0000000090200000| Untracked 
| 229|0x0000000090300000, 0x0000000090300000, 0x0000000090400000|  0%| F|  |TAMS 0x0000000090300000, 0x0000000090300000| Untracked 
| 230|0x0000000090400000, 0x0000000090400000, 0x0000000090500000|  0%| F|  |TAMS 0x0000000090400000, 0x0000000090400000| Untracked 
| 231|0x0000000090500000, 0x0000000090500000, 0x0000000090600000|  0%| F|  |TAMS 0x0000000090500000, 0x0000000090500000| Untracked 
| 232|0x0000000090600000, 0x0000000090600000, 0x0000000090700000|  0%| F|  |TAMS 0x0000000090600000, 0x0000000090600000| Untracked 
| 233|0x0000000090700000, 0x0000000090700000, 0x0000000090800000|  0%| F|  |TAMS 0x0000000090700000, 0x0000000090700000| Untracked 
| 234|0x0000000090800000, 0x0000000090800000, 0x0000000090900000|  0%| F|  |TAMS 0x0000000090800000, 0x0000000090800000| Untracked 
| 235|0x0000000090900000, 0x0000000090900000, 0x0000000090a00000|  0%| F|  |TAMS 0x0000000090900000, 0x0000000090900000| Untracked 
| 236|0x0000000090a00000, 0x0000000090a00000, 0x0000000090b00000|  0%| F|  |TAMS 0x0000000090a00000, 0x0000000090a00000| Untracked 
| 237|0x0000000090b00000, 0x0000000090b00000, 0x0000000090c00000|  0%| F|  |TAMS 0x0000000090b00000, 0x0000000090b00000| Untracked 
| 238|0x0000000090c00000, 0x0000000090c00000, 0x0000000090d00000|  0%| F|  |TAMS 0x0000000090c00000, 0x0000000090c00000| Untracked 
| 239|0x0000000090d00000, 0x0000000090d00000, 0x0000000090e00000|  0%| F|  |TAMS 0x0000000090d00000, 0x0000000090d00000| Untracked 
| 240|0x0000000090e00000, 0x0000000090e00000, 0x0000000090f00000|  0%| F|  |TAMS 0x0000000090e00000, 0x0000000090e00000| Untracked 
| 241|0x0000000090f00000, 0x0000000090f00000, 0x0000000091000000|  0%| F|  |TAMS 0x0000000090f00000, 0x0000000090f00000| Untracked 
| 242|0x0000000091000000, 0x0000000091000000, 0x0000000091100000|  0%| F|  |TAMS 0x0000000091000000, 0x0000000091000000| Untracked 
| 243|0x0000000091100000, 0x0000000091100000, 0x0000000091200000|  0%| F|  |TAMS 0x0000000091100000, 0x0000000091100000| Untracked 
| 244|0x0000000091200000, 0x0000000091200000, 0x0000000091300000|  0%| F|  |TAMS 0x0000000091200000, 0x0000000091200000| Untracked 
| 245|0x0000000091300000, 0x0000000091300000, 0x0000000091400000|  0%| F|  |TAMS 0x0000000091300000, 0x0000000091300000| Untracked 
| 246|0x0000000091400000, 0x0000000091400000, 0x0000000091500000|  0%| F|  |TAMS 0x0000000091400000, 0x0000000091400000| Untracked 
| 247|0x0000000091500000, 0x0000000091500000, 0x0000000091600000|  0%| F|  |TAMS 0x0000000091500000, 0x0000000091500000| Untracked 
| 248|0x0000000091600000, 0x0000000091600000, 0x0000000091700000|  0%| F|  |TAMS 0x0000000091600000, 0x0000000091600000| Untracked 
| 249|0x0000000091700000, 0x0000000091700000, 0x0000000091800000|  0%| F|  |TAMS 0x0000000091700000, 0x0000000091700000| Untracked 
| 250|0x0000000091800000, 0x0000000091800000, 0x0000000091900000|  0%| F|  |TAMS 0x0000000091800000, 0x0000000091800000| Untracked 
| 251|0x0000000091900000, 0x0000000091900000, 0x0000000091a00000|  0%| F|  |TAMS 0x0000000091900000, 0x0000000091900000| Untracked 
| 252|0x0000000091a00000, 0x0000000091a00000, 0x0000000091b00000|  0%| F|  |TAMS 0x0000000091a00000, 0x0000000091a00000| Untracked 
| 253|0x0000000091b00000, 0x0000000091b00000, 0x0000000091c00000|  0%| F|  |TAMS 0x0000000091b00000, 0x0000000091b00000| Untracked 
| 254|0x0000000091c00000, 0x0000000091c00000, 0x0000000091d00000|  0%| F|  |TAMS 0x0000000091c00000, 0x0000000091c00000| Untracked 
| 255|0x0000000091d00000, 0x0000000091d00000, 0x0000000091e00000|  0%| F|  |TAMS 0x0000000091d00000, 0x0000000091d00000| Untracked 
| 256|0x0000000091e00000, 0x0000000091e00000, 0x0000000091f00000|  0%| F|  |TAMS 0x0000000091e00000, 0x0000000091e00000| Untracked 
| 257|0x0000000091f00000, 0x0000000091f00000, 0x0000000092000000|  0%| F|  |TAMS 0x0000000091f00000, 0x0000000091f00000| Untracked 
| 258|0x0000000092000000, 0x0000000092000000, 0x0000000092100000|  0%| F|  |TAMS 0x0000000092000000, 0x0000000092000000| Untracked 
| 259|0x0000000092100000, 0x0000000092100000, 0x0000000092200000|  0%| F|  |TAMS 0x0000000092100000, 0x0000000092100000| Untracked 
| 260|0x0000000092200000, 0x0000000092200000, 0x0000000092300000|  0%| F|  |TAMS 0x0000000092200000, 0x0000000092200000| Untracked 
| 261|0x0000000092300000, 0x0000000092300000, 0x0000000092400000|  0%| F|  |TAMS 0x0000000092300000, 0x0000000092300000| Untracked 
| 262|0x0000000092400000, 0x0000000092400000, 0x0000000092500000|  0%| F|  |TAMS 0x0000000092400000, 0x0000000092400000| Untracked 
| 263|0x0000000092500000, 0x0000000092500000, 0x0000000092600000|  0%| F|  |TAMS 0x0000000092500000, 0x0000000092500000| Untracked 
| 264|0x0000000092600000, 0x0000000092600000, 0x0000000092700000|  0%| F|  |TAMS 0x0000000092600000, 0x0000000092600000| Untracked 
| 265|0x0000000092700000, 0x0000000092700000, 0x0000000092800000|  0%| F|  |TAMS 0x0000000092700000, 0x0000000092700000| Untracked 
| 266|0x0000000092800000, 0x0000000092800000, 0x0000000092900000|  0%| F|  |TAMS 0x0000000092800000, 0x0000000092800000| Untracked 
| 267|0x0000000092900000, 0x0000000092900000, 0x0000000092a00000|  0%| F|  |TAMS 0x0000000092900000, 0x0000000092900000| Untracked 
| 268|0x0000000092a00000, 0x0000000092a00000, 0x0000000092b00000|  0%| F|  |TAMS 0x0000000092a00000, 0x0000000092a00000| Untracked 
| 269|0x0000000092b00000, 0x0000000092b00000, 0x0000000092c00000|  0%| F|  |TAMS 0x0000000092b00000, 0x0000000092b00000| Untracked 
| 270|0x0000000092c00000, 0x0000000092c00000, 0x0000000092d00000|  0%| F|  |TAMS 0x0000000092c00000, 0x0000000092c00000| Untracked 
| 271|0x0000000092d00000, 0x0000000092d00000, 0x0000000092e00000|  0%| F|  |TAMS 0x0000000092d00000, 0x0000000092d00000| Untracked 
| 272|0x0000000092e00000, 0x0000000092e00000, 0x0000000092f00000|  0%| F|  |TAMS 0x0000000092e00000, 0x0000000092e00000| Untracked 
| 273|0x0000000092f00000, 0x0000000092f00000, 0x0000000093000000|  0%| F|  |TAMS 0x0000000092f00000, 0x0000000092f00000| Untracked 
| 274|0x0000000093000000, 0x0000000093000000, 0x0000000093100000|  0%| F|  |TAMS 0x0000000093000000, 0x0000000093000000| Untracked 
| 275|0x0000000093100000, 0x0000000093100000, 0x0000000093200000|  0%| F|  |TAMS 0x0000000093100000, 0x0000000093100000| Untracked 
| 276|0x0000000093200000, 0x0000000093200000, 0x0000000093300000|  0%| F|  |TAMS 0x0000000093200000, 0x0000000093200000| Untracked 
| 277|0x0000000093300000, 0x0000000093300000, 0x0000000093400000|  0%| F|  |TAMS 0x0000000093300000, 0x0000000093300000| Untracked 
| 278|0x0000000093400000, 0x0000000093400000, 0x0000000093500000|  0%| F|  |TAMS 0x0000000093400000, 0x0000000093400000| Untracked 
| 279|0x0000000093500000, 0x0000000093500000, 0x0000000093600000|  0%| F|  |TAMS 0x0000000093500000, 0x0000000093500000| Untracked 

Card table byte_map: [0x000001f43d830000,0x000001f43dc30000] _byte_map_base: 0x000001f43d421000

Marking Bits (Prev, Next): (CMBitMap*) 0x000001f429198a30, (CMBitMap*) 0x000001f4291989f0
 Prev Bits: [0x000001f43ffc0000, 0x000001f441f48000)
 Next Bits: [0x000001f43e030000, 0x000001f43ffb8000)

Polling page: 0x000001f428fe0000

Metaspace:

Usage:
  Non-class:     81.34 MB used.
      Class:      9.98 MB used.
       Both:     91.32 MB used.

Virtual space:
  Non-class space:       88.00 MB reserved,      81.56 MB ( 93%) committed,  11 nodes.
      Class space:        1.00 GB reserved,      10.19 MB ( <1%) committed,  1 nodes.
             Both:        1.09 GB reserved,      91.75 MB (  8%) committed. 

Chunk freelists:
   Non-Class:  1.78 MB
       Class:  1.69 MB
        Both:  3.47 MB

MaxMetaspaceSize: unlimited
CompressedClassSpaceSize: 1.00 GB
Initial GC threshold: 21.00 MB
Current GC threshold: 125.00 MB
CDS: off
MetaspaceReclaimPolicy: balanced
 - commit_granule_bytes: 65536.
 - commit_granule_words: 8192.
 - virtual_space_node_default_size: 1048576.
 - enlarge_chunks_in_place: 1.
 - new_chunks_are_fully_committed: 0.
 - uncommit_free_chunks: 1.
 - use_allocation_guard: 0.
 - handle_deallocations: 1.


Internal statistics:

num_allocs_failed_limit: 9.
num_arena_births: 786.
num_arena_deaths: 0.
num_vsnodes_births: 12.
num_vsnodes_deaths: 0.
num_space_committed: 1466.
num_space_uncommitted: 0.
num_chunks_returned_to_freelist: 9.
num_chunks_taken_from_freelist: 4093.
num_chunk_merges: 9.
num_chunk_splits: 3057.
num_chunks_enlarged: 2416.
num_purges: 0.
num_inconsistent_stats: 0.

CodeHeap 'non-profiled nmethods': size=120000Kb used=10545Kb max_used=10834Kb free=109454Kb
 bounds [0x000001f4358e0000, 0x000001f436380000, 0x000001f43ce10000]
CodeHeap 'profiled nmethods': size=120000Kb used=43792Kb max_used=43792Kb free=76207Kb
 bounds [0x000001f42de10000, 0x000001f4308e0000, 0x000001f435340000]
CodeHeap 'non-nmethods': size=5760Kb used=1409Kb max_used=1456Kb free=4350Kb
 bounds [0x000001f435340000, 0x000001f4355b0000, 0x000001f4358e0000]
 total_blobs=17709 nmethods=16971 adapters=645
 compilation: enabled
              stopped_count=0, restarted_count=0
 full_count=0

Compilation events (20 events):
Event: 70.647 Thread 0x000001f445029aa0 nmethod 21724 0x000001f4308ce990 code [0x000001f4308ceca0, 0x000001f4308cfb28]
Event: 70.647 Thread 0x000001f445029aa0 21748       3       org.jetbrains.kotlin.ir.util.PatchDeclarationParentsVisitor::<init> (5 bytes)
Event: 70.648 Thread 0x000001f445029aa0 nmethod 21748 0x000001f4308d0090 code [0x000001f4308d0260, 0x000001f4308d06f8]
Event: 70.648 Thread 0x000001f445029aa0 21747       3       org.jetbrains.kotlin.ir.expressions.IrExpression::setAttributeOwnerId (12 bytes)
Event: 70.649 Thread 0x000001f445029aa0 nmethod 21747 0x000001f4308d0890 code [0x000001f4308d0aa0, 0x000001f4308d1098]
Event: 70.649 Thread 0x000001f445029aa0 21749       3       org.jetbrains.kotlin.ir.util.DeclarationParentsVisitor::<init> (16 bytes)
Event: 70.649 Thread 0x000001f445029aa0 nmethod 21749 0x000001f4308d1310 code [0x000001f4308d14e0, 0x000001f4308d1918]
Event: 70.649 Thread 0x000001f445029aa0 21738       1       org.jetbrains.kotlin.ir.expressions.impl.IrConstructorCallImpl::getOrigin (5 bytes)
Event: 70.649 Thread 0x000001f445029aa0 nmethod 21738 0x000001f435d92890 code [0x000001f435d92a20, 0x000001f435d92af8]
Event: 70.649 Thread 0x000001f445029aa0 21746       1       org.jetbrains.kotlin.ir.expressions.impl.IrConstructorCallImpl::getConstructorTypeArgumentsCount (5 bytes)
Event: 70.649 Thread 0x000001f445029aa0 nmethod 21746 0x000001f435d92590 code [0x000001f435d92720, 0x000001f435d927f8]
Event: 70.649 Thread 0x000001f445029aa0 21726       1       org.jetbrains.kotlin.ir.expressions.impl.IrGetObjectValueImpl::getSymbol (5 bytes)
Event: 70.650 Thread 0x000001f445029aa0 nmethod 21726 0x000001f435d92290 code [0x000001f435d92420, 0x000001f435d924f8]
Event: 70.650 Thread 0x000001f445029aa0 21735       3       org.jetbrains.kotlin.backend.common.ClassLoweringVisitor::visitDelegatingConstructorCall (13 bytes)
Event: 70.651 Thread 0x000001f445029aa0 nmethod 21735 0x000001f4308d1a90 code [0x000001f4308d1d80, 0x000001f4308d2b78]
Event: 70.652 Thread 0x000001f445029aa0 21750       3       org.jetbrains.kotlin.ir.util.DeepCopySymbolRemapper::getReferencedClassifier (122 bytes)
Event: 70.655 Thread 0x000001f445029aa0 nmethod 21750 0x000001f4308d3090 code [0x000001f4308d3460, 0x000001f4308d5338]
Event: 70.655 Thread 0x000001f445029aa0 21751       3       org.jetbrains.kotlin.ir.util.PatchDeclarationParentsKt::patchDeclarationParents (58 bytes)
Event: 70.658 Thread 0x000001f445029aa0 nmethod 21751 0x000001f4308d5a10 code [0x000001f4308d5e60, 0x000001f4308d7e78]
Event: 70.658 Thread 0x000001f445029aa0 21752       3       org.jetbrains.kotlin.ir.util.DeepCopyTypeRemapper::remapType (355 bytes)

GC Heap History (20 events):
Event: 48.822 GC heap after
{Heap after GC invocations=26 (full 0):
 garbage-first heap   total 246784K, used 128904K [0x0000000081e00000, 0x0000000100000000)
  region size 1024K, 8 young (8192K), 8 survivors (8192K)
 Metaspace       used 74778K, committed 75200K, reserved 1122304K
  class space    used 8347K, committed 8576K, reserved 1048576K
}
Event: 51.833 GC heap before
{Heap before GC invocations=26 (full 0):
 garbage-first heap   total 246784K, used 203656K [0x0000000081e00000, 0x0000000100000000)
  region size 1024K, 81 young (82944K), 8 survivors (8192K)
 Metaspace       used 75767K, committed 76224K, reserved 1122304K
  class space    used 8524K, committed 8768K, reserved 1048576K
}
Event: 51.867 GC heap after
{Heap after GC invocations=27 (full 0):
 garbage-first heap   total 246784K, used 135103K [0x0000000081e00000, 0x0000000100000000)
  region size 1024K, 6 young (6144K), 6 survivors (6144K)
 Metaspace       used 75767K, committed 76224K, reserved 1122304K
  class space    used 8524K, committed 8768K, reserved 1048576K
}
Event: 54.971 GC heap before
{Heap before GC invocations=28 (full 0):
 garbage-first heap   total 250880K, used 204735K [0x0000000081e00000, 0x0000000100000000)
  region size 1024K, 74 young (75776K), 6 survivors (6144K)
 Metaspace       used 75773K, committed 76288K, reserved 1122304K
  class space    used 8525K, committed 8768K, reserved 1048576K
}
Event: 54.997 GC heap after
{Heap after GC invocations=29 (full 0):
 garbage-first heap   total 250880K, used 138468K [0x0000000081e00000, 0x0000000100000000)
  region size 1024K, 10 young (10240K), 10 survivors (10240K)
 Metaspace       used 75773K, committed 76288K, reserved 1122304K
  class space    used 8525K, committed 8768K, reserved 1048576K
}
Event: 55.080 GC heap before
{Heap before GC invocations=29 (full 0):
 garbage-first heap   total 250880K, used 140516K [0x0000000081e00000, 0x0000000100000000)
  region size 1024K, 12 young (12288K), 10 survivors (10240K)
 Metaspace       used 75773K, committed 76288K, reserved 1122304K
  class space    used 8525K, committed 8768K, reserved 1048576K
}
Event: 55.103 GC heap after
{Heap after GC invocations=30 (full 0):
 garbage-first heap   total 250880K, used 139047K [0x0000000081e00000, 0x0000000100000000)
  region size 1024K, 2 young (2048K), 2 survivors (2048K)
 Metaspace       used 75773K, committed 76288K, reserved 1122304K
  class space    used 8525K, committed 8768K, reserved 1048576K
}
Event: 57.796 GC heap before
{Heap before GC invocations=30 (full 0):
 garbage-first heap   total 250880K, used 218919K [0x0000000081e00000, 0x0000000100000000)
  region size 1024K, 71 young (72704K), 2 survivors (2048K)
 Metaspace       used 76160K, committed 76608K, reserved 1122304K
  class space    used 8551K, committed 8768K, reserved 1048576K
}
Event: 57.818 GC heap after
{Heap after GC invocations=31 (full 0):
 garbage-first heap   total 250880K, used 151668K [0x0000000081e00000, 0x0000000100000000)
  region size 1024K, 5 young (5120K), 5 survivors (5120K)
 Metaspace       used 76160K, committed 76608K, reserved 1122304K
  class space    used 8551K, committed 8768K, reserved 1048576K
}
Event: 59.617 GC heap before
{Heap before GC invocations=32 (full 0):
 garbage-first heap   total 286720K, used 207988K [0x0000000081e00000, 0x0000000100000000)
  region size 1024K, 62 young (63488K), 5 survivors (5120K)
 Metaspace       used 76435K, committed 76864K, reserved 1122304K
  class space    used 8556K, committed 8768K, reserved 1048576K
}
Event: 59.638 GC heap after
{Heap after GC invocations=33 (full 0):
 garbage-first heap   total 286720K, used 151348K [0x0000000081e00000, 0x0000000100000000)
  region size 1024K, 2 young (2048K), 2 survivors (2048K)
 Metaspace       used 76435K, committed 76864K, reserved 1122304K
  class space    used 8556K, committed 8768K, reserved 1048576K
}
Event: 59.850 GC heap before
{Heap before GC invocations=33 (full 0):
 garbage-first heap   total 286720K, used 163636K [0x0000000081e00000, 0x0000000100000000)
  region size 1024K, 14 young (14336K), 2 survivors (2048K)
 Metaspace       used 76458K, committed 76928K, reserved 1122304K
  class space    used 8557K, committed 8768K, reserved 1048576K
}
Event: 59.862 GC heap after
{Heap after GC invocations=34 (full 0):
 garbage-first heap   total 286720K, used 150340K [0x0000000081e00000, 0x0000000100000000)
  region size 1024K, 1 young (1024K), 1 survivors (1024K)
 Metaspace       used 76458K, committed 76928K, reserved 1122304K
  class space    used 8557K, committed 8768K, reserved 1048576K
}
Event: 62.757 GC heap before
{Heap before GC invocations=34 (full 0):
 garbage-first heap   total 286720K, used 241476K [0x0000000081e00000, 0x0000000100000000)
  region size 1024K, 90 young (92160K), 1 survivors (1024K)
 Metaspace       used 82537K, committed 83008K, reserved 1130496K
  class space    used 9151K, committed 9408K, reserved 1048576K
}
Event: 62.774 GC heap after
{Heap after GC invocations=35 (full 0):
 garbage-first heap   total 286720K, used 153560K [0x0000000081e00000, 0x0000000100000000)
  region size 1024K, 4 young (4096K), 4 survivors (4096K)
 Metaspace       used 82537K, committed 83008K, reserved 1130496K
  class space    used 9151K, committed 9408K, reserved 1048576K
}
Event: 66.118 GC heap before
{Heap before GC invocations=35 (full 0):
 garbage-first heap   total 286720K, used 242648K [0x0000000081e00000, 0x0000000100000000)
  region size 1024K, 91 young (93184K), 4 survivors (4096K)
 Metaspace       used 83441K, committed 83904K, reserved 1130496K
  class space    used 9196K, committed 9408K, reserved 1048576K
}
Event: 66.187 GC heap after
{Heap after GC invocations=36 (full 0):
 garbage-first heap   total 286720K, used 170478K [0x0000000081e00000, 0x0000000100000000)
  region size 1024K, 12 young (12288K), 12 survivors (12288K)
 Metaspace       used 83441K, committed 83904K, reserved 1130496K
  class space    used 9196K, committed 9408K, reserved 1048576K
}
Event: 68.280 GC heap before
{Heap before GC invocations=36 (full 0):
 garbage-first heap   total 286720K, used 237038K [0x0000000081e00000, 0x0000000100000000)
  region size 1024K, 77 young (78848K), 12 survivors (12288K)
 Metaspace       used 87136K, committed 87616K, reserved 1130496K
  class space    used 9548K, committed 9792K, reserved 1048576K
}
Event: 68.345 GC heap after
{Heap after GC invocations=37 (full 0):
 garbage-first heap   total 286720K, used 180507K [0x0000000081e00000, 0x0000000100000000)
  region size 1024K, 10 young (10240K), 10 survivors (10240K)
 Metaspace       used 87136K, committed 87616K, reserved 1130496K
  class space    used 9548K, committed 9792K, reserved 1048576K
}
Event: 70.659 GC heap before
{Heap before GC invocations=37 (full 0):
 garbage-first heap   total 286720K, used 236827K [0x0000000081e00000, 0x0000000100000000)
  region size 1024K, 65 young (66560K), 10 survivors (10240K)
 Metaspace       used 93510K, committed 93952K, reserved 1138688K
  class space    used 10223K, committed 10432K, reserved 1048576K
}

Dll operation events (2 events):
Event: 0.015 Loaded shared library C:\Program Files\Android\Android Studio\jbr\bin\java.dll
Event: 2.552 Loaded shared library C:\Program Files\Android\Android Studio\jbr\bin\verify.dll

Deoptimization events (20 events):
Event: 70.056 Thread 0x000001f42913b470 Uncommon trap: trap_request=0xffffffde fr.pc=0x000001f436348d64 relative=0x0000000000000644
Event: 70.056 Thread 0x000001f42913b470 Uncommon trap: reason=class_check action=maybe_recompile pc=0x000001f436348d64 method=org.jetbrains.kotlin.backend.common.UtilsKt.push(Ljava/util/List;Ljava/lang/Object;)Z @ 8 c2
Event: 70.056 Thread 0x000001f42913b470 DEOPT PACKING pc=0x000001f436348d64 sp=0x0000001e553fd4d0
Event: 70.056 Thread 0x000001f42913b470 DEOPT UNPACKING pc=0x000001f4353969a3 sp=0x0000001e553fd4b8 mode 2
Event: 70.056 Thread 0x000001f42913b470 Uncommon trap: trap_request=0xffffffde fr.pc=0x000001f436022d18 relative=0x00000000000000f8
Event: 70.056 Thread 0x000001f42913b470 Uncommon trap: reason=class_check action=maybe_recompile pc=0x000001f436022d18 method=org.jetbrains.kotlin.backend.common.UtilsKt.pop(Ljava/util/List;)Ljava/lang/Object; @ 8 c2
Event: 70.056 Thread 0x000001f42913b470 DEOPT PACKING pc=0x000001f436022d18 sp=0x0000001e553fd520
Event: 70.056 Thread 0x000001f42913b470 DEOPT UNPACKING pc=0x000001f4353969a3 sp=0x0000001e553fd4d8 mode 2
Event: 70.082 Thread 0x000001f42913b470 Uncommon trap: trap_request=0xffffffde fr.pc=0x000001f435e9de58 relative=0x00000000000007f8
Event: 70.082 Thread 0x000001f42913b470 Uncommon trap: reason=class_check action=maybe_recompile pc=0x000001f435e9de58 method=org.jetbrains.kotlin.ir.declarations.IrFunction.acceptChildren(Lorg/jetbrains/kotlin/ir/visitors/IrElementVisitor;Ljava/lang/Object;)V @ 143 c2
Event: 70.082 Thread 0x000001f42913b470 DEOPT PACKING pc=0x000001f435e9de58 sp=0x0000001e553fc6c0
Event: 70.082 Thread 0x000001f42913b470 DEOPT UNPACKING pc=0x000001f4353969a3 sp=0x0000001e553fc648 mode 2
Event: 70.082 Thread 0x000001f42913b470 Uncommon trap: trap_request=0xffffffde fr.pc=0x000001f4363493ac relative=0x000000000000008c
Event: 70.082 Thread 0x000001f42913b470 Uncommon trap: reason=class_check action=maybe_recompile pc=0x000001f4363493ac method=org.jetbrains.kotlin.ir.declarations.IrValueParameter.acceptChildren(Lorg/jetbrains/kotlin/ir/visitors/IrElementVisitor;Ljava/lang/Object;)V @ 7 c2
Event: 70.082 Thread 0x000001f42913b470 DEOPT PACKING pc=0x000001f4363493ac sp=0x0000001e553fc3b0
Event: 70.082 Thread 0x000001f42913b470 DEOPT UNPACKING pc=0x000001f4353969a3 sp=0x0000001e553fc348 mode 2
Event: 70.173 Thread 0x000001f42913b470 Uncommon trap: trap_request=0xffffffde fr.pc=0x000001f4363460f8 relative=0x0000000000000ef8
Event: 70.173 Thread 0x000001f42913b470 Uncommon trap: reason=class_check action=maybe_recompile pc=0x000001f4363460f8 method=org.jetbrains.kotlin.ir.util.AdditionalIrUtilsKt.hasEqualFqName(Lorg/jetbrains/kotlin/ir/declarations/IrDeclarationWithName;Lorg/jetbrains/kotlin/name/FqName;)Z @ 30 c2
Event: 70.173 Thread 0x000001f42913b470 DEOPT PACKING pc=0x000001f4363460f8 sp=0x0000001e553fcfd0
Event: 70.173 Thread 0x000001f42913b470 DEOPT UNPACKING pc=0x000001f4353969a3 sp=0x0000001e553fcf40 mode 2

Classes unloaded (0 events):
No events

Classes redefined (0 events):
No events

Internal exceptions (20 events):
Event: 27.850 Thread 0x000001f42913b470 Exception <a 'java/lang/NoSuchMethodError'{0x000000008fea4f70}: 'void java.lang.invoke.DirectMethodHandle$Holder.invokeStatic(java.lang.Object, java.lang.Object, java.lang.Object)'> (0x000000008fea4f70) 
thrown [s\src\hotspot\share\interpreter\linkResolver.cpp, line 771]
Event: 28.287 Thread 0x000001f42913b470 Implicit null exception at 0x000001f435c037bc to 0x000001f435c04710
Event: 29.162 Thread 0x000001f42913b470 Implicit null exception at 0x000001f435c3bcb4 to 0x000001f435c3bd41
Event: 29.742 Thread 0x000001f42913b470 Implicit null exception at 0x000001f435a1efb5 to 0x000001f435a1f770
Event: 29.831 Thread 0x000001f42913b470 Implicit null exception at 0x000001f4359489d8 to 0x000001f435948a6a
Event: 30.759 Thread 0x000001f42913b470 Implicit null exception at 0x000001f435d9f1ef to 0x000001f435d9f394
Event: 30.775 Thread 0x000001f42913b470 Implicit null exception at 0x000001f435d7252c to 0x000001f435d725e8
Event: 43.306 Thread 0x000001f42913b470 Implicit null exception at 0x000001f435eeda3e to 0x000001f435eedb74
Event: 49.467 Thread 0x000001f42913b470 Implicit null exception at 0x000001f435c64c9e to 0x000001f435c66c24
Event: 61.610 Thread 0x000001f42913b470 Exception <a 'java/lang/NoSuchMethodError'{0x000000008f6b5ae0}: 'java.lang.Object java.lang.invoke.DirectMethodHandle$Holder.invokeStaticInit(java.lang.Object, java.lang.Object, java.lang.Object, java.lang.Object)'> (0x000000008f6b5ae0) 
thrown [s\src\hotspot\share\interpreter\linkResolver.cpp, line 771]
Event: 62.148 Thread 0x000001f42913b470 Exception <a 'java/lang/NoSuchMethodError'{0x000000008e745a78}: 'int java.lang.invoke.DirectMethodHandle$Holder.invokeStaticInit(java.lang.Object, java.lang.Object, java.lang.Object, java.lang.Object)'> (0x000000008e745a78) 
thrown [s\src\hotspot\share\interpreter\linkResolver.cpp, line 771]
Event: 62.216 Thread 0x000001f42913b470 Exception <a 'java/lang/NoSuchMethodError'{0x000000008e5da0b8}: 'java.lang.Object java.lang.invoke.DirectMethodHandle$Holder.newInvokeSpecial(java.lang.Object, java.lang.Object, java.lang.Object, int, int)'> (0x000000008e5da0b8) 
thrown [s\src\hotspot\share\interpreter\linkResolver.cpp, line 771]
Event: 62.216 Thread 0x000001f42913b470 Exception <a 'java/lang/NoSuchMethodError'{0x000000008e5ddef8}: 'java.lang.Object java.lang.invoke.DirectMethodHandle$Holder.invokeSpecial(java.lang.Object, java.lang.Object, java.lang.Object, java.lang.Object, int, int)'> (0x000000008e5ddef8) 
thrown [s\src\hotspot\share\interpreter\linkResolver.cpp, line 771]
Event: 62.273 Thread 0x000001f42913b470 Exception <a 'java/lang/NoSuchMethodError'{0x000000008e38a830}: 'java.lang.Object java.lang.invoke.DirectMethodHandle$Holder.invokeSpecial(java.lang.Object, java.lang.Object, int, int, java.lang.Object, java.lang.Object, java.lang.Object, java.lang.Object, java.lang.Object)'> (0x000000008e38a830) 
thrown [s\src\hotspot\share\interpreter\linkResolver.cpp, line 771]
Event: 62.400 Thread 0x000001f42913b470 Implicit null exception at 0x000001f43594a910 to 0x000001f43594abac
Event: 62.434 Thread 0x000001f42913b470 Exception <a 'java/lang/NoSuchMethodError'{0x000000008e09b248}: 'java.lang.Object java.lang.invoke.DirectMethodHandle$Holder.invokeStatic(java.lang.Object, java.lang.Object, java.lang.Object, int, int, java.lang.Object, java.lang.Object, java.lang.Object, java.lang.Object)'> (0x000000008e09b248) 
thrown [s\src\hotspot\share\interpreter\linkResolver.cpp, line 771]
Event: 62.436 Thread 0x000001f42913b470 Exception <a 'java/lang/NoSuchMethodError'{0x000000008e0a5510}: 'java.lang.Object java.lang.invoke.DirectMethodHandle$Holder.newInvokeSpecial(java.lang.Object, java.lang.Object, java.lang.Object, int, int, java.lang.Object)'> (0x000000008e0a5510) 
thrown [s\src\hotspot\share\interpreter\linkResolver.cpp, line 771]
Event: 62.437 Thread 0x000001f42913b470 Exception <a 'java/lang/NoSuchMethodError'{0x000000008e0aceb0}: 'java.lang.Object java.lang.invoke.Invokers$Holder.linkToTargetMethod(java.lang.Object, java.lang.Object, int, int, java.lang.Object, java.lang.Object)'> (0x000000008e0aceb0) 
thrown [s\src\hotspot\share\interpreter\linkResolver.cpp, line 771]
Event: 62.745 Thread 0x000001f42913b470 Exception <a 'java/lang/NoSuchMethodError'{0x000000008dce26a8}: 'java.lang.Object java.lang.invoke.DirectMethodHandle$Holder.newInvokeSpecial(java.lang.Object, java.lang.Object, int, int, java.lang.Object, java.lang.Object, java.lang.Object)'> (0x000000008dce26a8) 
thrown [s\src\hotspot\share\interpreter\linkResolver.cpp, line 771]
Event: 62.746 Thread 0x000001f42913b470 Exception <a 'java/lang/NoSuchMethodError'{0x000000008dce6f50}: 'java.lang.Object java.lang.invoke.DirectMethodHandle$Holder.invokeSpecial(java.lang.Object, java.lang.Object, java.lang.Object, int, int, java.lang.Object, java.lang.Object, java.lang.Object)'> (0x000000008dce6f50) 
thrown [s\src\hotspot\share\interpreter\linkResolver.cpp, line 771]

VM Operations (20 events):
Event: 69.366 Executing VM operation: HandshakeAllThreads done
Event: 69.464 Executing VM operation: ICBufferFull
Event: 69.465 Executing VM operation: ICBufferFull done
Event: 69.523 Executing VM operation: HandshakeAllThreads
Event: 69.523 Executing VM operation: HandshakeAllThreads done
Event: 69.526 Executing VM operation: HandshakeAllThreads
Event: 69.526 Executing VM operation: HandshakeAllThreads done
Event: 69.532 Executing VM operation: HandshakeAllThreads
Event: 69.532 Executing VM operation: HandshakeAllThreads done
Event: 69.588 Executing VM operation: HandshakeAllThreads
Event: 69.588 Executing VM operation: HandshakeAllThreads done
Event: 69.786 Executing VM operation: ICBufferFull
Event: 69.786 Executing VM operation: ICBufferFull done
Event: 70.026 Executing VM operation: ICBufferFull
Event: 70.026 Executing VM operation: ICBufferFull done
Event: 70.265 Executing VM operation: ICBufferFull
Event: 70.266 Executing VM operation: ICBufferFull done
Event: 70.625 Executing VM operation: ICBufferFull
Event: 70.626 Executing VM operation: ICBufferFull done
Event: 70.659 Executing VM operation: G1CollectForAllocation

Events (20 events):
Event: 69.440 Thread 0x000001f445035390 flushing nmethod 0x000001f4305d3010
Event: 69.440 Thread 0x000001f445035390 flushing nmethod 0x000001f4305d4e90
Event: 69.440 Thread 0x000001f445035390 flushing nmethod 0x000001f4305d5710
Event: 69.440 Thread 0x000001f445035390 flushing nmethod 0x000001f4305d5a90
Event: 69.440 Thread 0x000001f445035390 flushing nmethod 0x000001f4305d7c10
Event: 69.440 Thread 0x000001f445035390 flushing nmethod 0x000001f4305d9690
Event: 69.440 Thread 0x000001f445035390 flushing nmethod 0x000001f4305e2910
Event: 69.440 Thread 0x000001f445035390 flushing nmethod 0x000001f4305e3710
Event: 69.440 Thread 0x000001f445035390 flushing nmethod 0x000001f4305e6290
Event: 69.440 Thread 0x000001f445035390 flushing nmethod 0x000001f4305e6e90
Event: 69.440 Thread 0x000001f445035390 flushing nmethod 0x000001f4305e7790
Event: 69.442 Thread 0x000001f445035390 flushing nmethod 0x000001f4306c2a90
Event: 69.442 Thread 0x000001f445035390 flushing nmethod 0x000001f4306e4d90
Event: 69.442 Thread 0x000001f445035390 flushing nmethod 0x000001f4306e7910
Event: 69.442 Thread 0x000001f445035390 flushing nmethod 0x000001f4306e8d10
Event: 69.442 Thread 0x000001f445035390 flushing nmethod 0x000001f4306efb90
Event: 69.442 Thread 0x000001f445035390 flushing nmethod 0x000001f4306f0f90
Event: 69.442 Thread 0x000001f445035390 flushing nmethod 0x000001f4306f7090
Event: 69.442 Thread 0x000001f445035390 flushing nmethod 0x000001f4306fe910
Event: 69.442 Thread 0x000001f445035390 flushing nmethod 0x000001f430737810


Dynamic libraries:
0x00007ff69f470000 - 0x00007ff69f47a000 	C:\Program Files\Android\Android Studio\jbr\bin\java.exe
0x00007ff908ae0000 - 0x00007ff908ce9000 	C:\WINDOWS\SYSTEM32\ntdll.dll
0x00007ff907ee0000 - 0x00007ff907f9d000 	C:\WINDOWS\System32\KERNEL32.DLL
0x00007ff9061d0000 - 0x00007ff906554000 	C:\WINDOWS\System32\KERNELBASE.dll
0x00007ff905ff0000 - 0x00007ff906101000 	C:\WINDOWS\System32\ucrtbase.dll
0x00007ff8f76c0000 - 0x00007ff8f76d7000 	C:\Program Files\Android\Android Studio\jbr\bin\jli.dll
0x00007ff8ed710000 - 0x00007ff8ed72b000 	C:\Program Files\Android\Android Studio\jbr\bin\VCRUNTIME140.dll
0x00007ff906930000 - 0x00007ff906add000 	C:\WINDOWS\System32\USER32.dll
0x00007ff906740000 - 0x00007ff906766000 	C:\WINDOWS\System32\win32u.dll
0x00007ff906ae0000 - 0x00007ff906b0a000 	C:\WINDOWS\System32\GDI32.dll
0x00007ff8f7990000 - 0x00007ff8f7c35000 	C:\WINDOWS\WinSxS\amd64_microsoft.windows.common-controls_6595b64144ccf1df_6.0.22000.120_none_9d947278b86cc467\COMCTL32.dll
0x00007ff906810000 - 0x00007ff90692e000 	C:\WINDOWS\System32\gdi32full.dll
0x00007ff907ad0000 - 0x00007ff907b73000 	C:\WINDOWS\System32\msvcrt.dll
0x00007ff906770000 - 0x00007ff90680d000 	C:\WINDOWS\System32\msvcp_win.dll
0x00007ff907d30000 - 0x00007ff907d61000 	C:\WINDOWS\System32\IMM32.DLL
0x00007ff901920000 - 0x00007ff90192c000 	C:\Program Files\Android\Android Studio\jbr\bin\vcruntime140_1.dll
0x00007ff8d8370000 - 0x00007ff8d83fd000 	C:\Program Files\Android\Android Studio\jbr\bin\msvcp140.dll
0x00007ff8ccad0000 - 0x00007ff8cd73d000 	C:\Program Files\Android\Android Studio\jbr\bin\server\jvm.dll
0x00007ff907a20000 - 0x00007ff907ace000 	C:\WINDOWS\System32\ADVAPI32.dll
0x00007ff907c90000 - 0x00007ff907d2e000 	C:\WINDOWS\System32\sechost.dll
0x00007ff908710000 - 0x00007ff908831000 	C:\WINDOWS\System32\RPCRT4.dll
0x00007ff9015f0000 - 0x00007ff9015f9000 	C:\WINDOWS\SYSTEM32\WSOCK32.dll
0x00007ff900a30000 - 0x00007ff900a63000 	C:\WINDOWS\SYSTEM32\WINMM.dll
0x00007ff8f73b0000 - 0x00007ff8f73ba000 	C:\WINDOWS\SYSTEM32\VERSION.dll
0x00007ff907d80000 - 0x00007ff907def000 	C:\WINDOWS\System32\WS2_32.dll
0x00007ff9050d0000 - 0x00007ff9050e8000 	C:\WINDOWS\SYSTEM32\kernel.appcore.dll
0x00007ff8f1750000 - 0x00007ff8f175a000 	C:\Program Files\Android\Android Studio\jbr\bin\jimage.dll
0x00007ff8f0c20000 - 0x00007ff8f0e41000 	C:\WINDOWS\SYSTEM32\DBGHELP.DLL
0x00007ff8f5840000 - 0x00007ff8f5871000 	C:\WINDOWS\SYSTEM32\dbgcore.DLL
0x00007ff905f70000 - 0x00007ff905fef000 	C:\WINDOWS\System32\bcryptPrimitives.dll
0x00007ff8cf4f0000 - 0x00007ff8cf515000 	C:\Program Files\Android\Android Studio\jbr\bin\java.dll
0x00007ff8cf4d0000 - 0x00007ff8cf4e8000 	C:\Program Files\Android\Android Studio\jbr\bin\zip.dll
0x00007ff906cb0000 - 0x00007ff907475000 	C:\WINDOWS\System32\SHELL32.dll
0x00007ff904050000 - 0x00007ff9048b2000 	C:\WINDOWS\SYSTEM32\windows.storage.dll
0x00007ff907620000 - 0x00007ff907996000 	C:\WINDOWS\System32\combase.dll
0x00007ff903ee0000 - 0x00007ff904047000 	C:\WINDOWS\SYSTEM32\wintypes.dll
0x00007ff907530000 - 0x00007ff90761a000 	C:\WINDOWS\System32\SHCORE.dll
0x00007ff9074d0000 - 0x00007ff90752d000 	C:\WINDOWS\System32\shlwapi.dll
0x00007ff905ea0000 - 0x00007ff905ec5000 	C:\WINDOWS\SYSTEM32\profapi.dll
0x00007ff8cf4b0000 - 0x00007ff8cf4c9000 	C:\Program Files\Android\Android Studio\jbr\bin\net.dll
0x00007ff900cb0000 - 0x00007ff900dc4000 	C:\WINDOWS\SYSTEM32\WINHTTP.dll
0x00007ff905580000 - 0x00007ff9055e7000 	C:\WINDOWS\system32\mswsock.dll
0x00007ff8cf490000 - 0x00007ff8cf4a6000 	C:\Program Files\Android\Android Studio\jbr\bin\nio.dll
0x00007ff8f0e60000 - 0x00007ff8f0e70000 	C:\Program Files\Android\Android Studio\jbr\bin\verify.dll

dbghelp: loaded successfully - version: 4.0.5 - missing functions: none
symbol engine: initialized successfully - sym options: 0x614 - pdb path: .;C:\Program Files\Android\Android Studio\jbr\bin;C:\WINDOWS\SYSTEM32;C:\WINDOWS\WinSxS\amd64_microsoft.windows.common-controls_6595b64144ccf1df_6.0.22000.120_none_9d947278b86cc467;C:\Program Files\Android\Android Studio\jbr\bin\server

VM Arguments:
java_command: org.jetbrains.kotlin.cli.jvm.K2JVMCompiler @C:\Users\Sakib Ali Khan\Downloads\4gLite\app\build\20240116_12863312366583082757.compiler.options
java_class_path (initial): C:\Users\Sakib Ali Khan\.gradle\caches\modules-2\files-2.1\org.jetbrains.kotlin\kotlin-compiler-embeddable\1.7.20\8db18559a581dd2c36ddfd5046af145650f5b126\kotlin-compiler-embeddable-1.7.20.jar;C:\Users\Sakib Ali Khan\.gradle\caches\modules-2\files-2.1\org.jetbrains.kotlin\kotlin-reflect\1.7.20\12b2501e33bb6373e8e347c86d85481863629381\kotlin-reflect-1.7.20.jar;C:\Users\Sakib Ali Khan\.gradle\caches\modules-2\files-2.1\org.jetbrains.kotlin\kotlin-stdlib\1.7.20\726594ea9ba2beb2ee113647fefa9a10f9fabe52\kotlin-stdlib-1.7.20.jar;C:\Users\Sakib Ali Khan\.gradle\caches\modules-2\files-2.1\org.jetbrains.kotlin\kotlin-script-runtime\1.7.20\bcd1cc6f865e632550357fcc59f5ffd532615a8\kotlin-script-runtime-1.7.20.jar;C:\Users\Sakib Ali Khan\.gradle\caches\modules-2\files-2.1\org.jetbrains.kotlin\kotlin-daemon-embeddable\1.7.20\1e24355adad8d529d75d5b19eab55484057431ba\kotlin-daemon-embeddable-1.7.20.jar;C:\Users\Sakib Ali Khan\.gradle\caches\modules-2\files-2.1\org.jetbrains.intellij.deps\trove4j\1.0.20200330\3afb14d5f9ceb459d724e907a21145e8ff394f02\trove4j-1.0.20200330.jar;C:\Users\Sakib Ali Khan\.gradle\caches\modules-2\files-2.1\net.java.dev.jna\jna\5.6.0\330f2244e9030119ab3030fc3fededc86713d9cc\jna-5.6.0.jar;C:\Users\Sakib Ali Khan\.gradle\caches\modules-2\files-2.1\org.jetbrains.kotlin\kotlin-stdlib-common\1.7.20\e15351bdaf9fa06f009be5da7a202e4184f00ae3\kotlin-stdlib-common-1.7.20.jar;C:\Users\Sakib Ali Khan\.gradle\caches\modules-2\files-2.1\org.jetbrains\annotations\13.0\919f0dfe192fb4e063e7dacadee7f8bb9a2672a9\annotations-13.0.jar
Launcher Type: SUN_STANDARD

[Global flags]
     intx CICompilerCount                          = 3                                         {product} {ergonomic}
     uint ConcGCThreads                            = 1                                         {product} {ergonomic}
     uint G1ConcRefinementThreads                  = 4                                         {product} {ergonomic}
   size_t G1HeapRegionSize                         = 1048576                                   {product} {ergonomic}
    uintx GCDrainStackTargetSize                   = 64                                        {product} {ergonomic}
   size_t InitialHeapSize                          = 134217728                                 {product} {ergonomic}
   size_t MarkStackSize                            = 4194304                                   {product} {ergonomic}
   size_t MaxHeapSize                              = 2116026368                                {product} {ergonomic}
   size_t MaxNewSize                               = 1268776960                                {product} {ergonomic}
   size_t MinHeapDeltaBytes                        = 1048576                                   {product} {ergonomic}
   size_t MinHeapSize                              = 8388608                                   {product} {ergonomic}
    uintx NonNMethodCodeHeapSize                   = 5832780                                {pd product} {ergonomic}
    uintx NonProfiledCodeHeapSize                  = 122912730                              {pd product} {ergonomic}
    uintx ProfiledCodeHeapSize                     = 122912730                              {pd product} {ergonomic}
    uintx ReservedCodeCacheSize                    = 251658240                              {pd product} {ergonomic}
     bool SegmentedCodeCache                       = true                                      {product} {ergonomic}
   size_t SoftMaxHeapSize                          = 2116026368                             {manageable} {ergonomic}
     bool UseCompressedClassPointers               = true                           {product lp64_product} {ergonomic}
     bool UseCompressedOops                        = true                           {product lp64_product} {ergonomic}
     bool UseG1GC                                  = true                                      {product} {ergonomic}
     bool UseLargePagesIndividualAllocation        = false                                  {pd product} {ergonomic}

Logging:
Log output configuration:
 #0: stdout all=warning uptime,level,tags
 #1: stderr all=off uptime,level,tags

Environment Variables:
JAVA_HOME=C:\Program Files\Java\jdk-20
PATH=C:\Program Files (x86)\Common Files\Oracle\Java\javapath;C:\Program Files\Common Files\Oracle\Java\javapath;C:\WINDOWS\system32;C:\WINDOWS;C:\WINDOWS\System32\Wbem;C:\WINDOWS\System32\WindowsPowerShell\v1.0\;C:\WINDOWS\System32\OpenSSH\;C:\Program Files\Java\jdk-20\bin;C:\Program Files\Java\jre1.8.0_202\bin;C:\Program Files\Git\cmd;C:\Users\Sakib Ali Khan\AppData\Local\Microsoft\WindowsApps;C:\Users\Sakib Ali Khan\Downloads\flutter_windows_3.10.4-stable\flutter\bin;
USERNAME=Sakib Ali Khan
OS=Windows_NT
PROCESSOR_IDENTIFIER=Intel64 Family 6 Model 69 Stepping 1, GenuineIntel
TMP=C:\Users\SAKIBA~1\AppData\Local\Temp
TEMP=C:\Users\SAKIBA~1\AppData\Local\Temp



---------------  S Y S T E M  ---------------

OS:
 Windows 11 , 64 bit Build 22000 (10.0.22000.2538)
OS uptime: 0 days 4:19 hours

CPU: total 4 (initial active 4) (2 cores per cpu, 2 threads per core) family 6 model 69 stepping 1 microcode 0x26, cx8, cmov, fxsr, ht, mmx, sse, sse2, sse3, ssse3, sse4.1, sse4.2, popcnt, lzcnt, tsc, tscinvbit, avx, avx2, aes, erms, clmul, bmi1, bmi2, fma, vzeroupper, clflush

Memory: 4k page, system-wide physical 8064M (842M free)
TotalPageFile size 14241M (AvailPageFile size 183M)
current process WorkingSet (physical memory assigned to process): 547M, peak: 547M
current process commit charge ("private bytes"): 575M, peak: 810M

vm_info: OpenJDK 64-Bit Server VM (17.0.6+0-b2043.56-9586694) for windows-amd64 JRE (17.0.6+0-b2043.56-9586694), built on Feb  9 2023 20:06:20 by "androidbuild" with MS VC++ 16.10 / 16.11 (VS2019)

END.
